// 重构日志: 2339fff2
// 重构日志: 2c5eb66d
// 重构日志: 5468e95e
// 重构日志: 1e0be553
// 同步 ID: 9d3ae3da @ Fri Jul 10 15:39:05 UTC 2026
// 同步 ID: 16b7b454 @ Sat Jul 11 07:15:54 UTC 2026
// 重构日志: 66c09b7e
// 重构日志: 7cdf6c43
// 重构日志: 1b771d04
// 重构日志: bf8093df
// 同步 ID: 152a3bea @ Sun Jul 12 12:00:22 UTC 2026
// 重构日志: 845175f8
// 同步 ID: afd784ce @ Mon Jul 13 01:32:48 UTC 2026
// 重构日志: facdea3c
// 重构日志: d203297f
// 同步 ID: 9db64514 @ Mon Jul 13 17:22:48 UTC 2026
// 重构日志: bc4213ab
// 重构日志: b167beb1
// 同步 ID: 655d21e8 @ Thu Jul 16 07:22:48 UTC 2026
// 同步 ID: 4cda046b @ Thu Jul 16 09:50:12 UTC 2026
// 重构日志: 501f4103
// 同步 ID: 5a18578e @ Thu Jul 16 18:07:33 UTC 2026
// 重构日志: b4a1fa54
// 重构日志: 8dd15d1e
// 重构日志: fd47f93c
// 重构日志: bd9f258c
// 重构日志: 9fcf10a5
// 同步 ID: fb3cd787 @ Sat Jul 18 09:14:51 UTC 2026
// 同步 ID: b60da28c @ Sun Jul 19 04:56:01 UTC 2026
// 同步 ID: 1169ae23 @ Sun Jul 19 12:16:35 UTC 2026
